<?xml version="1.0" encoding="UTF-8"?>
<testng-results skipped="0" failed="0" ignored="0" total="1" passed="1">
  <reporter-output>
  </reporter-output>
  <suite name="Default suite" duration-ms="41521" started-at="2017-09-22T05:32:04Z" finished-at="2017-09-22T05:32:45Z">
    <groups>
    </groups>
    <test name="Default test" duration-ms="41521" started-at="2017-09-22T05:32:04Z" finished-at="2017-09-22T05:32:45Z">
      <class name="mobile_test.TestClass1">
        <test-method status="PASS" signature="calcTest()[pri:0, instance:mobile_test.TestClass1@ae45eb6]" name="calcTest" duration-ms="41489" started-at="2017-09-22T11:02:04Z" finished-at="2017-09-22T11:02:45Z">
          <reporter-output>
          </reporter-output>
        </test-method> <!-- calcTest -->
      </class> <!-- mobile_test.TestClass1 -->
    </test> <!-- Default test -->
  </suite> <!-- Default suite -->
</testng-results>
